# JRE version: OpenJDK Runtime Environment GraalVM CE 22.3.0 (17.0.5+8) (build 17.0.5+8-jvmci-22.3-b08)
# Java VM: OpenJDK 64-Bit Server VM GraalVM CE 22.3.0 (17.0.5+8-jvmci-22.3-b08, mixed mode, sharing, tiered, jvmci, jvmci compiler, compressed oops, compressed class ptrs, parallel gc, linux-amd64)
GC Precious Log:
 CPUs: 8 total, 1 available
 Memory: 1024M
 Large Page Support: Disabled
 NUMA Support: Disabled
 Compressed Oops: Enabled (32-bit)
 Alignments: Space 512K, Generation 512K, Heap 2M
 Heap Min Capacity: 100M
 Heap Initial Capacity: 100M
 Heap Max Capacity: 512M
 Pre-touch: Disabled
 Parallel Workers: 1
Heap:
 PSYoungGen      total 56832K, used 41983K [0x00000000f5580000, 0x00000000f9d00000, 0x0000000100000000)
  eden space 41984K, 99% used [0x00000000f5580000,0x00000000f7e7fff8,0x00000000f7e80000)
  from space 14848K, 0% used [0x00000000f7e80000,0x00000000f7e80000,0x00000000f8d00000)
  to   space 14848K, 0% used [0x00000000f8d00000,0x00000000f8d00000,0x00000000f9b80000)
 ParOldGen       total 349696K, used 349695K [0x00000000e0000000, 0x00000000f5580000, 0x00000000f5580000)
  object space 349696K, 99% used [0x00000000e0000000,0x00000000f557fff8,0x00000000f5580000)
 Metaspace       used 61114K, committed 62336K, reserved 1105920K
  class space    used 6003K, committed 6464K, reserved 1048576K
GC Heap History (20 events):
Event: 593.386 GC heap before
{Heap before GC invocations=294 (full 169):
 PSYoungGen      total 56832K, used 41983K [0x00000000f5580000, 0x00000000f9d00000, 0x0000000100000000)
  eden space 41984K, 99% used [0x00000000f5580000,0x00000000f7e7fff8,0x00000000f7e80000)
  from space 14848K, 0% used [0x00000000f7e80000,0x00000000f7e80000,0x00000000f8d00000)
  to   space 14848K, 0% used [0x00000000f8d00000,0x00000000f8d00000,0x00000000f9b80000)
 ParOldGen       total 349696K, used 349695K [0x00000000e0000000, 0x00000000f5580000, 0x00000000f5580000)
  object space 349696K, 99% used [0x00000000e0000000,0x00000000f557fff8,0x00000000f5580000)
 Metaspace       used 61114K, committed 62336K, reserved 1105920K
  class space    used 6003K, committed 6464K, reserved 1048576K
}
Event: 595.717 GC heap after
{Heap after GC invocations=294 (full 169):
 PSYoungGen      total 56832K, used 41983K [0x00000000f5580000, 0x00000000f9d00000, 0x0000000100000000)
  eden space 41984K, 99% used [0x00000000f5580000,0x00000000f7e7fff8,0x00000000f7e80000)
  from space 14848K, 0% used [0x00000000f8d00000,0x00000000f8d00000,0x00000000f9b80000)
  to   space 14848K, 0% used [0x00000000f7e80000,0x00000000f7e80000,0x00000000f8d00000)
 ParOldGen       total 349696K, used 349695K [0x00000000e0000000, 0x00000000f5580000, 0x00000000f5580000)
  object space 349696K, 99% used [0x00000000e0000000,0x00000000f557fff8,0x00000000f5580000)
 Metaspace       used 61114K, committed 62336K, reserved 1105920K
  class space    used 6003K, committed 6464K, reserved 1048576K
}
Event: 595.717 GC heap before
{Heap before GC invocations=295 (full 170):
 PSYoungGen      total 56832K, used 41983K [0x00000000f5580000, 0x00000000f9d00000, 0x0000000100000000)
  eden space 41984K, 99% used [0x00000000f5580000,0x00000000f7e7fff8,0x00000000f7e80000)
  from space 14848K, 0% used [0x00000000f8d00000,0x00000000f8d00000,0x00000000f9b80000)
  to   space 14848K, 0% used [0x00000000f7e80000,0x00000000f7e80000,0x00000000f8d00000)
 ParOldGen       total 349696K, used 349695K [0x00000000e0000000, 0x00000000f5580000, 0x00000000f5580000)
  object space 349696K, 99% used [0x00000000e0000000,0x00000000f557fff8,0x00000000f5580000)
 Metaspace       used 61114K, committed 62336K, reserved 1105920K
  class space    used 6003K, committed 6464K, reserved 1048576K
}
Event: 597.910 GC heap after
{Heap after GC invocations=295 (full 170):
 PSYoungGen      total 56832K, used 41983K [0x00000000f5580000, 0x00000000f9d00000, 0x0000000100000000)
  eden space 41984K, 99% used [0x00000000f5580000,0x00000000f7e7fff8,0x00000000f7e80000)
  from space 14848K, 0% used [0x00000000f7e80000,0x00000000f7e80000,0x00000000f8d00000)
  to   space 14848K, 0% used [0x00000000f8d00000,0x00000000f8d00000,0x00000000f9b80000)
 ParOldGen       total 349696K, used 349695K [0x00000000e0000000, 0x00000000f5580000, 0x00000000f5580000)
  object space 349696K, 99% used [0x00000000e0000000,0x00000000f557fff8,0x00000000f5580000)
 Metaspace       used 61114K, committed 62336K, reserved 1105920K
  class space    used 6003K, committed 6464K, reserved 1048576K
}
Event: 597.911 GC heap before
{Heap before GC invocations=296 (full 171):
 PSYoungGen      total 56832K, used 41983K [0x00000000f5580000, 0x00000000f9d00000, 0x0000000100000000)
  eden space 41984K, 99% used [0x00000000f5580000,0x00000000f7e7fff8,0x00000000f7e80000)
  from space 14848K, 0% used [0x00000000f7e80000,0x00000000f7e80000,0x00000000f8d00000)
  to   space 14848K, 0% used [0x00000000f8d00000,0x00000000f8d00000,0x00000000f9b80000)
 ParOldGen       total 349696K, used 349695K [0x00000000e0000000, 0x00000000f5580000, 0x00000000f5580000)
  object space 349696K, 99% used [0x00000000e0000000,0x00000000f557fff8,0x00000000f5580000)
 Metaspace       used 61114K, committed 62336K, reserved 1105920K
  class space    used 6003K, committed 6464K, reserved 1048576K
}
Event: 600.194 GC heap after
{Heap after GC invocations=296 (full 171):
 PSYoungGen      total 56832K, used 41983K [0x00000000f5580000, 0x00000000f9d00000, 0x0000000100000000)
  eden space 41984K, 99% used [0x00000000f5580000,0x00000000f7e7fff8,0x00000000f7e80000)
  from space 14848K, 0% used [0x00000000f8d00000,0x00000000f8d00000,0x00000000f9b80000)
  to   space 14848K, 0% used [0x00000000f7e80000,0x00000000f7e80000,0x00000000f8d00000)
 ParOldGen       total 349696K, used 349695K [0x00000000e0000000, 0x00000000f5580000, 0x00000000f5580000)
  object space 349696K, 99% used [0x00000000e0000000,0x00000000f557ffc8,0x00000000f5580000)
 Metaspace       used 61114K, committed 62336K, reserved 1105920K
  class space    used 6003K, committed 6464K, reserved 1048576K
}
Event: 600.194 GC heap before
{Heap before GC invocations=297 (full 172):
 PSYoungGen      total 56832K, used 41983K [0x00000000f5580000, 0x00000000f9d00000, 0x0000000100000000)
  eden space 41984K, 99% used [0x00000000f5580000,0x00000000f7e7fff8,0x00000000f7e80000)
  from space 14848K, 0% used [0x00000000f8d00000,0x00000000f8d00000,0x00000000f9b80000)
  to   space 14848K, 0% used [0x00000000f7e80000,0x00000000f7e80000,0x00000000f8d00000)
 ParOldGen       total 349696K, used 349695K [0x00000000e0000000, 0x00000000f5580000, 0x00000000f5580000)
  object space 349696K, 99% used [0x00000000e0000000,0x00000000f557fff8,0x00000000f5580000)
 Metaspace       used 61114K, committed 62336K, reserved 1105920K
  class space    used 6003K, committed 6464K, reserved 1048576K
}
Event: 602.610 GC heap after
{Heap after GC invocations=297 (full 172):
 PSYoungGen      total 56832K, used 41983K [0x00000000f5580000, 0x00000000f9d00000, 0x0000000100000000)
  eden space 41984K, 99% used [0x00000000f5580000,0x00000000f7e7ffe0,0x00000000f7e80000)
  from space 14848K, 0% used [0x00000000f7e80000,0x00000000f7e80000,0x00000000f8d00000)
  to   space 14848K, 0% used [0x00000000f8d00000,0x00000000f8d00000,0x00000000f9b80000)
 ParOldGen       total 349696K, used 349695K [0x00000000e0000000, 0x00000000f5580000, 0x00000000f5580000)
  object space 349696K, 99% used [0x00000000e0000000,0x00000000f557fff8,0x00000000f5580000)
 Metaspace       used 61114K, committed 62336K, reserved 1105920K
  class space    used 6003K, committed 6464K, reserved 1048576K
}
Event: 602.611 GC heap before
{Heap before GC invocations=298 (full 173):
 PSYoungGen      total 56832K, used 41984K [0x00000000f5580000, 0x00000000f9d00000, 0x0000000100000000)
  eden space 41984K, 100% used [0x00000000f5580000,0x00000000f7e80000,0x00000000f7e80000)
  from space 14848K, 0% used [0x00000000f7e80000,0x00000000f7e80000,0x00000000f8d00000)
  to   space 14848K, 0% used [0x00000000f8d00000,0x00000000f8d00000,0x00000000f9b80000)
 ParOldGen       total 349696K, used 349695K [0x00000000e0000000, 0x00000000f5580000, 0x00000000f5580000)
  object space 349696K, 99% used [0x00000000e0000000,0x00000000f557fff8,0x00000000f5580000)
 Metaspace       used 61114K, committed 62336K, reserved 1105920K
  class space    used 6003K, committed 6464K, reserved 1048576K
}
Event: 604.880 GC heap after
{Heap after GC invocations=298 (full 173):
 PSYoungGen      total 56832K, used 41983K [0x00000000f5580000, 0x00000000f9d00000, 0x0000000100000000)
  eden space 41984K, 99% used [0x00000000f5580000,0x00000000f7e7ffe0,0x00000000f7e80000)
  from space 14848K, 0% used [0x00000000f8d00000,0x00000000f8d00000,0x00000000f9b80000)
  to   space 14848K, 0% used [0x00000000f7e80000,0x00000000f7e80000,0x00000000f8d00000)
 ParOldGen       total 349696K, used 349695K [0x00000000e0000000, 0x00000000f5580000, 0x00000000f5580000)
  object space 349696K, 99% used [0x00000000e0000000,0x00000000f557fff8,0x00000000f5580000)
 Metaspace       used 61114K, committed 62336K, reserved 1105920K
  class space    used 6003K, committed 6464K, reserved 1048576K
}
Event: 604.880 GC heap before
{Heap before GC invocations=299 (full 174):
 PSYoungGen      total 56832K, used 41983K [0x00000000f5580000, 0x00000000f9d00000, 0x0000000100000000)
  eden space 41984K, 99% used [0x00000000f5580000,0x00000000f7e7ffe0,0x00000000f7e80000)
  from space 14848K, 0% used [0x00000000f8d00000,0x00000000f8d00000,0x00000000f9b80000)
  to   space 14848K, 0% used [0x00000000f7e80000,0x00000000f7e80000,0x00000000f8d00000)
 ParOldGen       total 349696K, used 349695K [0x00000000e0000000, 0x00000000f5580000, 0x00000000f5580000)
  object space 349696K, 99% used [0x00000000e0000000,0x00000000f557fff8,0x00000000f5580000)
 Metaspace       used 61114K, committed 62336K, reserved 1105920K
  class space    used 6003K, committed 6464K, reserved 1048576K
}
Event: 607.105 GC heap after
{Heap after GC invocations=299 (full 174):
 PSYoungGen      total 56832K, used 41983K [0x00000000f5580000, 0x00000000f9d00000, 0x0000000100000000)
  eden space 41984K, 99% used [0x00000000f5580000,0x00000000f7e7ffe0,0x00000000f7e80000)
  from space 14848K, 0% used [0x00000000f7e80000,0x00000000f7e80000,0x00000000f8d00000)
  to   space 14848K, 0% used [0x00000000f8d00000,0x00000000f8d00000,0x00000000f9b80000)
 ParOldGen       total 349696K, used 349695K [0x00000000e0000000, 0x00000000f5580000, 0x00000000f5580000)
  object space 349696K, 99% used [0x00000000e0000000,0x00000000f557fff8,0x00000000f5580000)
 Metaspace       used 61114K, committed 62336K, reserved 1105920K
  class space    used 6003K, committed 6464K, reserved 1048576K
}
Event: 607.111 GC heap before
{Heap before GC invocations=300 (full 175):
 PSYoungGen      total 56832K, used 41983K [0x00000000f5580000, 0x00000000f9d00000, 0x0000000100000000)
  eden space 41984K, 99% used [0x00000000f5580000,0x00000000f7e7ffe0,0x00000000f7e80000)
  from space 14848K, 0% used [0x00000000f7e80000,0x00000000f7e80000,0x00000000f8d00000)
  to   space 14848K, 0% used [0x00000000f8d00000,0x00000000f8d00000,0x00000000f9b80000)
 ParOldGen       total 349696K, used 349695K [0x00000000e0000000, 0x00000000f5580000, 0x00000000f5580000)
  object space 349696K, 99% used [0x00000000e0000000,0x00000000f557fff8,0x00000000f5580000)
 Metaspace       used 61114K, committed 62336K, reserved 1105920K
  class space    used 6003K, committed 6464K, reserved 1048576K
}
Event: 609.327 GC heap after
{Heap after GC invocations=300 (full 175):
 PSYoungGen      total 56832K, used 41983K [0x00000000f5580000, 0x00000000f9d00000, 0x0000000100000000)
  eden space 41984K, 99% used [0x00000000f5580000,0x00000000f7e7ffe0,0x00000000f7e80000)
  from space 14848K, 0% used [0x00000000f8d00000,0x00000000f8d00000,0x00000000f9b80000)
  to   space 14848K, 0% used [0x00000000f7e80000,0x00000000f7e80000,0x00000000f8d00000)
 ParOldGen       total 349696K, used 349695K [0x00000000e0000000, 0x00000000f5580000, 0x00000000f5580000)
  object space 349696K, 99% used [0x00000000e0000000,0x00000000f557fff8,0x00000000f5580000)
 Metaspace       used 61114K, committed 62336K, reserved 1105920K
  class space    used 6003K, committed 6464K, reserved 1048576K
}
Event: 609.327 GC heap before
{Heap before GC invocations=301 (full 176):
 PSYoungGen      total 56832K, used 41983K [0x00000000f5580000, 0x00000000f9d00000, 0x0000000100000000)
  eden space 41984K, 99% used [0x00000000f5580000,0x00000000f7e7ffe0,0x00000000f7e80000)
  from space 14848K, 0% used [0x00000000f8d00000,0x00000000f8d00000,0x00000000f9b80000)
  to   space 14848K, 0% used [0x00000000f7e80000,0x00000000f7e80000,0x00000000f8d00000)
 ParOldGen       total 349696K, used 349695K [0x00000000e0000000, 0x00000000f5580000, 0x00000000f5580000)
  object space 349696K, 99% used [0x00000000e0000000,0x00000000f557fff8,0x00000000f5580000)
 Metaspace       used 61114K, committed 62336K, reserved 1105920K
  class space    used 6003K, committed 6464K, reserved 1048576K
}
Event: 611.612 GC heap after
{Heap after GC invocations=301 (full 176):
 PSYoungGen      total 56832K, used 41983K [0x00000000f5580000, 0x00000000f9d00000, 0x0000000100000000)
  eden space 41984K, 99% used [0x00000000f5580000,0x00000000f7e7ffe0,0x00000000f7e80000)
  from space 14848K, 0% used [0x00000000f7e80000,0x00000000f7e80000,0x00000000f8d00000)
  to   space 14848K, 0% used [0x00000000f8d00000,0x00000000f8d00000,0x00000000f9b80000)
 ParOldGen       total 349696K, used 349695K [0x00000000e0000000, 0x00000000f5580000, 0x00000000f5580000)
  object space 349696K, 99% used [0x00000000e0000000,0x00000000f557fff8,0x00000000f5580000)
 Metaspace       used 61114K, committed 62336K, reserved 1105920K
  class space    used 6003K, committed 6464K, reserved 1048576K
}
Event: 611.614 GC heap before
{Heap before GC invocations=302 (full 177):
 PSYoungGen      total 56832K, used 41983K [0x00000000f5580000, 0x00000000f9d00000, 0x0000000100000000)
  eden space 41984K, 99% used [0x00000000f5580000,0x00000000f7e7fff8,0x00000000f7e80000)
  from space 14848K, 0% used [0x00000000f7e80000,0x00000000f7e80000,0x00000000f8d00000)
  to   space 14848K, 0% used [0x00000000f8d00000,0x00000000f8d00000,0x00000000f9b80000)
 ParOldGen       total 349696K, used 349695K [0x00000000e0000000, 0x00000000f5580000, 0x00000000f5580000)
  object space 349696K, 99% used [0x00000000e0000000,0x00000000f557fff8,0x00000000f5580000)
 Metaspace       used 61114K, committed 62336K, reserved 1105920K
  class space    used 6003K, committed 6464K, reserved 1048576K
}
Event: 613.614 GC heap after
{Heap after GC invocations=302 (full 177):
 PSYoungGen      total 56832K, used 41983K [0x00000000f5580000, 0x00000000f9d00000, 0x0000000100000000)
  eden space 41984K, 99% used [0x00000000f5580000,0x00000000f7e7fff8,0x00000000f7e80000)
  from space 14848K, 0% used [0x00000000f8d00000,0x00000000f8d00000,0x00000000f9b80000)
  to   space 14848K, 0% used [0x00000000f7e80000,0x00000000f7e80000,0x00000000f8d00000)
 ParOldGen       total 349696K, used 349695K [0x00000000e0000000, 0x00000000f5580000, 0x00000000f5580000)
  object space 349696K, 99% used [0x00000000e0000000,0x00000000f557fff8,0x00000000f5580000)
 Metaspace       used 61114K, committed 62336K, reserved 1105920K
  class space    used 6003K, committed 6464K, reserved 1048576K
}
Event: 613.614 GC heap before
{Heap before GC invocations=303 (full 178):
 PSYoungGen      total 56832K, used 41983K [0x00000000f5580000, 0x00000000f9d00000, 0x0000000100000000)
  eden space 41984K, 99% used [0x00000000f5580000,0x00000000f7e7fff8,0x00000000f7e80000)
  from space 14848K, 0% used [0x00000000f8d00000,0x00000000f8d00000,0x00000000f9b80000)
  to   space 14848K, 0% used [0x00000000f7e80000,0x00000000f7e80000,0x00000000f8d00000)
 ParOldGen       total 349696K, used 349695K [0x00000000e0000000, 0x00000000f5580000, 0x00000000f5580000)
  object space 349696K, 99% used [0x00000000e0000000,0x00000000f557fff8,0x00000000f5580000)
 Metaspace       used 61114K, committed 62336K, reserved 1105920K
  class space    used 6003K, committed 6464K, reserved 1048576K
}
Event: 615.994 GC heap after
{Heap after GC invocations=303 (full 178):
 PSYoungGen      total 56832K, used 41983K [0x00000000f5580000, 0x00000000f9d00000, 0x0000000100000000)
  eden space 41984K, 99% used [0x00000000f5580000,0x00000000f7e7fff8,0x00000000f7e80000)
  from space 14848K, 0% used [0x00000000f7e80000,0x00000000f7e80000,0x00000000f8d00000)
  to   space 14848K, 0% used [0x00000000f8d00000,0x00000000f8d00000,0x00000000f9b80000)
 ParOldGen       total 349696K, used 349695K [0x00000000e0000000, 0x00000000f5580000, 0x00000000f5580000)
  object space 349696K, 99% used [0x00000000e0000000,0x00000000f557fff8,0x00000000f5580000)
 Metaspace       used 61114K, committed 62336K, reserved 1105920K
  class space    used 6003K, committed 6464K, reserved 1048576K
}

