# JRE version: OpenJDK Runtime Environment GraalVM CE 22.3.0 (17.0.5+8) (build 17.0.5+8-jvmci-22.3-b08)
# Java VM: OpenJDK 64-Bit Server VM GraalVM CE 22.3.0 (17.0.5+8-jvmci-22.3-b08, mixed mode, sharing, tiered, jvmci, jvmci compiler, compressed oops, compressed class ptrs, parallel gc, linux-amd64)
GC Precious Log:
 CPUs: 8 total, 1 available
 Memory: 1024M
 Large Page Support: Disabled
 NUMA Support: Disabled
 Compressed Oops: Enabled (32-bit)
 Alignments: Space 512K, Generation 512K, Heap 2M
 Heap Min Capacity: 100M
 Heap Initial Capacity: 100M
 Heap Max Capacity: 512M
 Pre-touch: Disabled
 Parallel Workers: 1
Heap:
 PSYoungGen      total 48128K, used 28672K [0x00000000f5580000, 0x00000000f9900000, 0x0000000100000000)
  eden space 28672K, 100% used [0x00000000f5580000,0x00000000f7180000,0x00000000f7180000)
  from space 19456K, 0% used [0x00000000f7180000,0x00000000f7180000,0x00000000f8480000)
  to   space 19456K, 0% used [0x00000000f8480000,0x00000000f8480000,0x00000000f9780000)
 ParOldGen       total 349696K, used 349695K [0x00000000e0000000, 0x00000000f5580000, 0x00000000f5580000)
  object space 349696K, 99% used [0x00000000e0000000,0x00000000f557ff90,0x00000000f5580000)
 Metaspace       used 63958K, committed 65088K, reserved 1114112K
  class space    used 6209K, committed 6720K, reserved 1048576K
GC Heap History (20 events):
Event: 821.793 GC heap before
{Heap before GC invocations=672 (full 541):
 PSYoungGen      total 48128K, used 28672K [0x00000000f5580000, 0x00000000f9900000, 0x0000000100000000)
  eden space 28672K, 100% used [0x00000000f5580000,0x00000000f7180000,0x00000000f7180000)
  from space 19456K, 0% used [0x00000000f7180000,0x00000000f7180000,0x00000000f8480000)
  to   space 19456K, 0% used [0x00000000f8480000,0x00000000f8480000,0x00000000f9780000)
 ParOldGen       total 349696K, used 349694K [0x00000000e0000000, 0x00000000f5580000, 0x00000000f5580000)
  object space 349696K, 99% used [0x00000000e0000000,0x00000000f557f8e8,0x00000000f5580000)
 Metaspace       used 63958K, committed 65088K, reserved 1114112K
  class space    used 6209K, committed 6720K, reserved 1048576K
}
Event: 823.224 GC heap after
{Heap after GC invocations=672 (full 541):
 PSYoungGen      total 48128K, used 28672K [0x00000000f5580000, 0x00000000f9900000, 0x0000000100000000)
  eden space 28672K, 100% used [0x00000000f5580000,0x00000000f7180000,0x00000000f7180000)
  from space 19456K, 0% used [0x00000000f8480000,0x00000000f8480000,0x00000000f9780000)
  to   space 19456K, 0% used [0x00000000f7180000,0x00000000f7180000,0x00000000f8480000)
 ParOldGen       total 349696K, used 349694K [0x00000000e0000000, 0x00000000f5580000, 0x00000000f5580000)
  object space 349696K, 99% used [0x00000000e0000000,0x00000000f557f860,0x00000000f5580000)
 Metaspace       used 63958K, committed 65088K, reserved 1114112K
  class space    used 6209K, committed 6720K, reserved 1048576K
}
Event: 823.225 GC heap before
{Heap before GC invocations=673 (full 542):
 PSYoungGen      total 48128K, used 28672K [0x00000000f5580000, 0x00000000f9900000, 0x0000000100000000)
  eden space 28672K, 100% used [0x00000000f5580000,0x00000000f7180000,0x00000000f7180000)
  from space 19456K, 0% used [0x00000000f8480000,0x00000000f8480000,0x00000000f9780000)
  to   space 19456K, 0% used [0x00000000f7180000,0x00000000f7180000,0x00000000f8480000)
 ParOldGen       total 349696K, used 349695K [0x00000000e0000000, 0x00000000f5580000, 0x00000000f5580000)
  object space 349696K, 99% used [0x00000000e0000000,0x00000000f557fff0,0x00000000f5580000)
 Metaspace       used 63958K, committed 65088K, reserved 1114112K
  class space    used 6209K, committed 6720K, reserved 1048576K
}
Event: 824.428 GC heap after
{Heap after GC invocations=673 (full 542):
 PSYoungGen      total 48128K, used 28671K [0x00000000f5580000, 0x00000000f9900000, 0x0000000100000000)
  eden space 28672K, 99% used [0x00000000f5580000,0x00000000f717fef8,0x00000000f7180000)
  from space 19456K, 0% used [0x00000000f7180000,0x00000000f7180000,0x00000000f8480000)
  to   space 19456K, 0% used [0x00000000f8480000,0x00000000f8480000,0x00000000f9780000)
 ParOldGen       total 349696K, used 349694K [0x00000000e0000000, 0x00000000f5580000, 0x00000000f5580000)
  object space 349696K, 99% used [0x00000000e0000000,0x00000000f557f978,0x00000000f5580000)
 Metaspace       used 63958K, committed 65088K, reserved 1114112K
  class space    used 6209K, committed 6720K, reserved 1048576K
}
Event: 824.429 GC heap before
{Heap before GC invocations=674 (full 543):
 PSYoungGen      total 48128K, used 28672K [0x00000000f5580000, 0x00000000f9900000, 0x0000000100000000)
  eden space 28672K, 100% used [0x00000000f5580000,0x00000000f7180000,0x00000000f7180000)
  from space 19456K, 0% used [0x00000000f7180000,0x00000000f7180000,0x00000000f8480000)
  to   space 19456K, 0% used [0x00000000f8480000,0x00000000f8480000,0x00000000f9780000)
 ParOldGen       total 349696K, used 349694K [0x00000000e0000000, 0x00000000f5580000, 0x00000000f5580000)
  object space 349696K, 99% used [0x00000000e0000000,0x00000000f557f978,0x00000000f5580000)
 Metaspace       used 63958K, committed 65088K, reserved 1114112K
  class space    used 6209K, committed 6720K, reserved 1048576K
}
Event: 825.825 GC heap after
{Heap after GC invocations=674 (full 543):
 PSYoungGen      total 48128K, used 28671K [0x00000000f5580000, 0x00000000f9900000, 0x0000000100000000)
  eden space 28672K, 99% used [0x00000000f5580000,0x00000000f717ff10,0x00000000f7180000)
  from space 19456K, 0% used [0x00000000f8480000,0x00000000f8480000,0x00000000f9780000)
  to   space 19456K, 0% used [0x00000000f7180000,0x00000000f7180000,0x00000000f8480000)
 ParOldGen       total 349696K, used 349694K [0x00000000e0000000, 0x00000000f5580000, 0x00000000f5580000)
  object space 349696K, 99% used [0x00000000e0000000,0x00000000f557f958,0x00000000f5580000)
 Metaspace       used 63958K, committed 65088K, reserved 1114112K
  class space    used 6209K, committed 6720K, reserved 1048576K
}
Event: 825.827 GC heap before
{Heap before GC invocations=675 (full 544):
 PSYoungGen      total 48128K, used 28671K [0x00000000f5580000, 0x00000000f9900000, 0x0000000100000000)
  eden space 28672K, 99% used [0x00000000f5580000,0x00000000f717fff8,0x00000000f7180000)
  from space 19456K, 0% used [0x00000000f8480000,0x00000000f8480000,0x00000000f9780000)
  to   space 19456K, 0% used [0x00000000f7180000,0x00000000f7180000,0x00000000f8480000)
 ParOldGen       total 349696K, used 349694K [0x00000000e0000000, 0x00000000f5580000, 0x00000000f5580000)
  object space 349696K, 99% used [0x00000000e0000000,0x00000000f557f958,0x00000000f5580000)
 Metaspace       used 63958K, committed 65088K, reserved 1114112K
  class space    used 6209K, committed 6720K, reserved 1048576K
}
Event: 827.030 GC heap after
{Heap after GC invocations=675 (full 544):
 PSYoungGen      total 48128K, used 28671K [0x00000000f5580000, 0x00000000f9900000, 0x0000000100000000)
  eden space 28672K, 99% used [0x00000000f5580000,0x00000000f717ffd8,0x00000000f7180000)
  from space 19456K, 0% used [0x00000000f7180000,0x00000000f7180000,0x00000000f8480000)
  to   space 19456K, 0% used [0x00000000f8480000,0x00000000f8480000,0x00000000f9780000)
 ParOldGen       total 349696K, used 349694K [0x00000000e0000000, 0x00000000f5580000, 0x00000000f5580000)
  object space 349696K, 99% used [0x00000000e0000000,0x00000000f557f890,0x00000000f5580000)
 Metaspace       used 63958K, committed 65088K, reserved 1114112K
  class space    used 6209K, committed 6720K, reserved 1048576K
}
Event: 827.031 GC heap before
{Heap before GC invocations=676 (full 545):
 PSYoungGen      total 48128K, used 28672K [0x00000000f5580000, 0x00000000f9900000, 0x0000000100000000)
  eden space 28672K, 100% used [0x00000000f5580000,0x00000000f7180000,0x00000000f7180000)
  from space 19456K, 0% used [0x00000000f7180000,0x00000000f7180000,0x00000000f8480000)
  to   space 19456K, 0% used [0x00000000f8480000,0x00000000f8480000,0x00000000f9780000)
 ParOldGen       total 349696K, used 349694K [0x00000000e0000000, 0x00000000f5580000, 0x00000000f5580000)
  object space 349696K, 99% used [0x00000000e0000000,0x00000000f557f890,0x00000000f5580000)
 Metaspace       used 63958K, committed 65088K, reserved 1114112K
  class space    used 6209K, committed 6720K, reserved 1048576K
}
Event: 828.438 GC heap after
{Heap after GC invocations=676 (full 545):
 PSYoungGen      total 48128K, used 28671K [0x00000000f5580000, 0x00000000f9900000, 0x0000000100000000)
  eden space 28672K, 99% used [0x00000000f5580000,0x00000000f717fff0,0x00000000f7180000)
  from space 19456K, 0% used [0x00000000f8480000,0x00000000f8480000,0x00000000f9780000)
  to   space 19456K, 0% used [0x00000000f7180000,0x00000000f7180000,0x00000000f8480000)
 ParOldGen       total 349696K, used 349694K [0x00000000e0000000, 0x00000000f5580000, 0x00000000f5580000)
  object space 349696K, 99% used [0x00000000e0000000,0x00000000f557f850,0x00000000f5580000)
 Metaspace       used 63958K, committed 65088K, reserved 1114112K
  class space    used 6209K, committed 6720K, reserved 1048576K
}
Event: 828.438 GC heap before
{Heap before GC invocations=677 (full 546):
 PSYoungGen      total 48128K, used 28671K [0x00000000f5580000, 0x00000000f9900000, 0x0000000100000000)
  eden space 28672K, 99% used [0x00000000f5580000,0x00000000f717fff0,0x00000000f7180000)
  from space 19456K, 0% used [0x00000000f8480000,0x00000000f8480000,0x00000000f9780000)
  to   space 19456K, 0% used [0x00000000f7180000,0x00000000f7180000,0x00000000f8480000)
 ParOldGen       total 349696K, used 349695K [0x00000000e0000000, 0x00000000f5580000, 0x00000000f5580000)
  object space 349696K, 99% used [0x00000000e0000000,0x00000000f557fff0,0x00000000f5580000)
 Metaspace       used 63958K, committed 65088K, reserved 1114112K
  class space    used 6209K, committed 6720K, reserved 1048576K
}
Event: 829.798 GC heap after
{Heap after GC invocations=677 (full 546):
 PSYoungGen      total 48128K, used 28671K [0x00000000f5580000, 0x00000000f9900000, 0x0000000100000000)
  eden space 28672K, 99% used [0x00000000f5580000,0x00000000f717fed0,0x00000000f7180000)
  from space 19456K, 0% used [0x00000000f7180000,0x00000000f7180000,0x00000000f8480000)
  to   space 19456K, 0% used [0x00000000f8480000,0x00000000f8480000,0x00000000f9780000)
 ParOldGen       total 349696K, used 349694K [0x00000000e0000000, 0x00000000f5580000, 0x00000000f5580000)
  object space 349696K, 99% used [0x00000000e0000000,0x00000000f557f988,0x00000000f5580000)
 Metaspace       used 63958K, committed 65088K, reserved 1114112K
  class space    used 6209K, committed 6720K, reserved 1048576K
}
Event: 829.800 GC heap before
{Heap before GC invocations=678 (full 547):
 PSYoungGen      total 48128K, used 28672K [0x00000000f5580000, 0x00000000f9900000, 0x0000000100000000)
  eden space 28672K, 100% used [0x00000000f5580000,0x00000000f7180000,0x00000000f7180000)
  from space 19456K, 0% used [0x00000000f7180000,0x00000000f7180000,0x00000000f8480000)
  to   space 19456K, 0% used [0x00000000f8480000,0x00000000f8480000,0x00000000f9780000)
 ParOldGen       total 349696K, used 349694K [0x00000000e0000000, 0x00000000f5580000, 0x00000000f5580000)
  object space 349696K, 99% used [0x00000000e0000000,0x00000000f557f988,0x00000000f5580000)
 Metaspace       used 63958K, committed 65088K, reserved 1114112K
  class space    used 6209K, committed 6720K, reserved 1048576K
}
Event: 831.021 GC heap after
{Heap after GC invocations=678 (full 547):
 PSYoungGen      total 48128K, used 28671K [0x00000000f5580000, 0x00000000f9900000, 0x0000000100000000)
  eden space 28672K, 99% used [0x00000000f5580000,0x00000000f717ff38,0x00000000f7180000)
  from space 19456K, 0% used [0x00000000f8480000,0x00000000f8480000,0x00000000f9780000)
  to   space 19456K, 0% used [0x00000000f7180000,0x00000000f7180000,0x00000000f8480000)
 ParOldGen       total 349696K, used 349694K [0x00000000e0000000, 0x00000000f5580000, 0x00000000f5580000)
  object space 349696K, 99% used [0x00000000e0000000,0x00000000f557f948,0x00000000f5580000)
 Metaspace       used 63958K, committed 65088K, reserved 1114112K
  class space    used 6209K, committed 6720K, reserved 1048576K
}
Event: 831.021 GC heap before
{Heap before GC invocations=679 (full 548):
 PSYoungGen      total 48128K, used 28672K [0x00000000f5580000, 0x00000000f9900000, 0x0000000100000000)
  eden space 28672K, 100% used [0x00000000f5580000,0x00000000f7180000,0x00000000f7180000)
  from space 19456K, 0% used [0x00000000f8480000,0x00000000f8480000,0x00000000f9780000)
  to   space 19456K, 0% used [0x00000000f7180000,0x00000000f7180000,0x00000000f8480000)
 ParOldGen       total 349696K, used 349694K [0x00000000e0000000, 0x00000000f5580000, 0x00000000f5580000)
  object space 349696K, 99% used [0x00000000e0000000,0x00000000f557f948,0x00000000f5580000)
 Metaspace       used 63958K, committed 65088K, reserved 1114112K
  class space    used 6209K, committed 6720K, reserved 1048576K
}
Event: 832.427 GC heap after
{Heap after GC invocations=679 (full 548):
 PSYoungGen      total 48128K, used 28672K [0x00000000f5580000, 0x00000000f9900000, 0x0000000100000000)
  eden space 28672K, 100% used [0x00000000f5580000,0x00000000f7180000,0x00000000f7180000)
  from space 19456K, 0% used [0x00000000f7180000,0x00000000f7180000,0x00000000f8480000)
  to   space 19456K, 0% used [0x00000000f8480000,0x00000000f8480000,0x00000000f9780000)
 ParOldGen       total 349696K, used 349694K [0x00000000e0000000, 0x00000000f5580000, 0x00000000f5580000)
  object space 349696K, 99% used [0x00000000e0000000,0x00000000f557f870,0x00000000f5580000)
 Metaspace       used 63958K, committed 65088K, reserved 1114112K
  class space    used 6209K, committed 6720K, reserved 1048576K
}
Event: 832.427 GC heap before
{Heap before GC invocations=680 (full 549):
 PSYoungGen      total 48128K, used 28672K [0x00000000f5580000, 0x00000000f9900000, 0x0000000100000000)
  eden space 28672K, 100% used [0x00000000f5580000,0x00000000f7180000,0x00000000f7180000)
  from space 19456K, 0% used [0x00000000f7180000,0x00000000f7180000,0x00000000f8480000)
  to   space 19456K, 0% used [0x00000000f8480000,0x00000000f8480000,0x00000000f9780000)
 ParOldGen       total 349696K, used 349694K [0x00000000e0000000, 0x00000000f5580000, 0x00000000f5580000)
  object space 349696K, 99% used [0x00000000e0000000,0x00000000f557f8e8,0x00000000f5580000)
 Metaspace       used 63958K, committed 65088K, reserved 1114112K
  class space    used 6209K, committed 6720K, reserved 1048576K
}
Event: 833.733 GC heap after
{Heap after GC invocations=680 (full 549):
 PSYoungGen      total 48128K, used 28672K [0x00000000f5580000, 0x00000000f9900000, 0x0000000100000000)
  eden space 28672K, 100% used [0x00000000f5580000,0x00000000f7180000,0x00000000f7180000)
  from space 19456K, 0% used [0x00000000f8480000,0x00000000f8480000,0x00000000f9780000)
  to   space 19456K, 0% used [0x00000000f7180000,0x00000000f7180000,0x00000000f8480000)
 ParOldGen       total 349696K, used 349694K [0x00000000e0000000, 0x00000000f5580000, 0x00000000f5580000)
  object space 349696K, 99% used [0x00000000e0000000,0x00000000f557f888,0x00000000f5580000)
 Metaspace       used 63958K, committed 65088K, reserved 1114112K
  class space    used 6209K, committed 6720K, reserved 1048576K
}
Event: 833.733 GC heap before
{Heap before GC invocations=681 (full 550):
 PSYoungGen      total 48128K, used 28672K [0x00000000f5580000, 0x00000000f9900000, 0x0000000100000000)
  eden space 28672K, 100% used [0x00000000f5580000,0x00000000f7180000,0x00000000f7180000)
  from space 19456K, 0% used [0x00000000f8480000,0x00000000f8480000,0x00000000f9780000)
  to   space 19456K, 0% used [0x00000000f7180000,0x00000000f7180000,0x00000000f8480000)
 ParOldGen       total 349696K, used 349694K [0x00000000e0000000, 0x00000000f5580000, 0x00000000f5580000)
  object space 349696K, 99% used [0x00000000e0000000,0x00000000f557f888,0x00000000f5580000)
 Metaspace       used 63958K, committed 65088K, reserved 1114112K
  class space    used 6209K, committed 6720K, reserved 1048576K
}
Event: 835.027 GC heap after
{Heap after GC invocations=681 (full 550):
 PSYoungGen      total 48128K, used 28672K [0x00000000f5580000, 0x00000000f9900000, 0x0000000100000000)
  eden space 28672K, 100% used [0x00000000f5580000,0x00000000f7180000,0x00000000f7180000)
  from space 19456K, 0% used [0x00000000f7180000,0x00000000f7180000,0x00000000f8480000)
  to   space 19456K, 0% used [0x00000000f8480000,0x00000000f8480000,0x00000000f9780000)
 ParOldGen       total 349696K, used 349694K [0x00000000e0000000, 0x00000000f5580000, 0x00000000f5580000)
  object space 349696K, 99% used [0x00000000e0000000,0x00000000f557f888,0x00000000f5580000)
 Metaspace       used 63958K, committed 65088K, reserved 1114112K
  class space    used 6209K, committed 6720K, reserved 1048576K
}

